time=2024-11-22T05:10:40.103+05:30 level=INFO msg="checking for pulumi" path="/Users/rupeshshandilya/Library/Application Support/sst/bin/pulumi"
time=2024-11-22T05:10:41.248+05:30 level=INFO msg="checking for bun" path="/Users/rupeshshandilya/Library/Application Support/sst/bin/bun"
time=2024-11-22T05:10:41.263+05:30 level=INFO msg="initializing project" version=3.1.54
time=2024-11-22T05:10:41.263+05:30 level=INFO msg="esbuild building" out=/Users/rupeshshandilya/Developer/Sync/Website/.sst/platform/sst.config.1732232441263.mjs
time=2024-11-22T05:10:41.270+05:30 level=INFO msg="esbuild built" outfile=/Users/rupeshshandilya/Developer/Sync/Website/.sst/platform/sst.config.1732232441263.mjs
time=2024-11-22T05:10:41.272+05:30 level=INFO msg="evaluating config"
time=2024-11-22T05:10:41.306+05:30 level=INFO msg="config evaluated"
time=2024-11-22T05:10:41.310+05:30 level=INFO msg="checking platform"
time=2024-11-22T05:10:41.310+05:30 level=INFO msg="loading home"
time=2024-11-22T05:10:42.353+05:30 level=INFO msg="aws credentials found" region=us-east-1
time=2024-11-22T05:10:42.354+05:30 level=INFO msg="fetching bootstrap"
time=2024-11-22T05:10:43.330+05:30 level=INFO msg="found existing bootstrap" data="{\"version\":4,\"asset\":\"sst-asset-vaavddthmxfo\",\"assetEcrRegistryId\":\"831926620158\",\"assetEcrUrl\":\"831926620158.dkr.ecr.us-east-1.amazonaws.com/sst-asset\",\"state\":\"sst-state-vaavddthmxfo\"}"
time=2024-11-22T05:10:43.330+05:30 level=INFO msg="loaded config" app=sync-website stage=production
time=2024-11-22T05:10:43.330+05:30 level=INFO msg="initializing ui" isTTY=true
time=2024-11-22T05:10:43.331+05:30 level=INFO msg="server port assigned" port=13557
time=2024-11-22T05:10:43.331+05:30 level=INFO msg="running stack command" cmd=deploy
time=2024-11-22T05:10:43.332+05:30 level=INFO msg=publishing type=*project.StackCommandEvent
time=2024-11-22T05:10:43.332+05:30 level=INFO msg=server addr=0.0.0.0:13557
time=2024-11-22T05:10:43.332+05:30 level=INFO msg="INFO locking app=sync-website stage=production"
time=2024-11-22T05:10:43.332+05:30 level=INFO msg="INFO getting data key=lock app=sync-website stage=production"
time=2024-11-22T05:10:44.181+05:30 level=INFO msg="INFO putting data key=lock app=sync-website stage=production"
time=2024-11-22T05:10:44.988+05:30 level=INFO msg="INFO pulling state app=sync-website stage=production out=/Users/rupeshshandilya/Developer/Sync/Website/.sst/.pulumi/stacks/sync-website/production.json"
time=2024-11-22T05:10:46.789+05:30 level=INFO msg="INFO getting passphrase app=sync-website stage=production"
time=2024-11-22T05:10:48.161+05:30 level=INFO msg="INFO getting data key=secret app=sync-website stage=_fallback"
time=2024-11-22T05:10:48.162+05:30 level=INFO msg="INFO getting data key=secret app=sync-website stage=production"
time=2024-11-22T05:10:48.966+05:30 level=INFO msg="INFO getting passphrase app=sync-website stage=_fallback"
time=2024-11-22T05:10:50.370+05:30 level=INFO msg="built workspace"
time=2024-11-22T05:10:50.450+05:30 level=INFO msg="built stack"
time=2024-11-22T05:10:50.655+05:30 level=INFO msg=link outputs="map[properties:map[type:sst.aws.Nextjs url:https://sync.getsync.tech] target:SyncWebsite]"
time=2024-11-22T05:10:50.655+05:30 level=INFO msg=publishing type=*project.CompleteEvent
time=2024-11-22T05:10:50.655+05:30 level=INFO msg="got previous deployment"
time=2024-11-22T05:10:50.655+05:30 level=INFO msg="esbuild building" out=/Users/rupeshshandilya/Developer/Sync/Website/.sst/platform/sst.config.1732232450225.mjs
time=2024-11-22T05:10:50.682+05:30 level=INFO msg="esbuild built" outfile=/Users/rupeshshandilya/Developer/Sync/Website/.sst/platform/sst.config.1732232450225.mjs
time=2024-11-22T05:10:50.687+05:30 level=INFO msg=publishing type=*project.BuildSuccessEvent
time=2024-11-22T05:10:50.687+05:30 level=INFO msg="tracked files"
time=2024-11-22T05:10:50.762+05:30 level=INFO msg="built config"
time=2024-11-22T05:10:50.762+05:30 level=INFO msg="running stack command" cmd=deploy
time=2024-11-22T05:10:52.927+05:30 level=INFO msg=publishing type=*apitype.PreludeEvent
time=2024-11-22T05:10:52.928+05:30 level=INFO msg=publishing type=*apitype.DiagnosticEvent
time=2024-11-22T05:10:53.536+05:30 level=INFO msg=publishing type=*apitype.ResourcePreEvent
time=2024-11-22T05:10:53.537+05:30 level=INFO msg=publishing type=*apitype.DiagnosticEvent
time=2024-11-22T05:10:53.541+05:30 level=INFO msg=publishing type=*apitype.DiagnosticEvent
time=2024-11-22T05:10:53.544+05:30 level=INFO msg=publishing type=*apitype.DiagnosticEvent
time=2024-11-22T05:10:53.549+05:30 level=INFO msg=publishing type=*apitype.DiagnosticEvent
time=2024-11-22T05:10:53.550+05:30 level=INFO msg=publishing type=*apitype.DiagnosticEvent
time=2024-11-22T05:10:53.551+05:30 level=INFO msg=publishing type=*apitype.DiagnosticEvent
time=2024-11-22T05:10:54.645+05:30 level=INFO msg=publishing type=*apitype.DiagnosticEvent
time=2024-11-22T05:10:54.646+05:30 level=INFO msg=publishing type=*apitype.ResourcePreEvent
time=2024-11-22T05:10:54.646+05:30 level=INFO msg=publishing type=*apitype.ResourcePreEvent
time=2024-11-22T05:10:54.651+05:30 level=INFO msg=publishing type=*apitype.DiagnosticEvent
time=2024-11-22T05:10:54.651+05:30 level=INFO msg=publishing type=*apitype.DiagnosticEvent
time=2024-11-22T05:10:54.656+05:30 level=INFO msg=publishing type=*apitype.DiagnosticEvent
time=2024-11-22T05:10:54.656+05:30 level=INFO msg=publishing type=*apitype.DiagnosticEvent
time=2024-11-22T05:10:54.656+05:30 level=INFO msg=publishing type=*apitype.DiagnosticEvent
time=2024-11-22T05:10:54.658+05:30 level=INFO msg=publishing type=*apitype.DiagnosticEvent
time=2024-11-22T05:10:54.658+05:30 level=INFO msg=publishing type=*apitype.DiagnosticEvent
time=2024-11-22T05:10:54.659+05:30 level=INFO msg=publishing type=*apitype.DiagnosticEvent
time=2024-11-22T05:10:54.659+05:30 level=INFO msg=publishing type=*apitype.DiagnosticEvent
time=2024-11-22T05:10:54.659+05:30 level=INFO msg=publishing type=*apitype.DiagnosticEvent
time=2024-11-22T05:10:54.659+05:30 level=INFO msg=publishing type=*apitype.DiagnosticEvent
time=2024-11-22T05:10:54.659+05:30 level=INFO msg=publishing type=*apitype.DiagnosticEvent
time=2024-11-22T05:10:54.660+05:30 level=INFO msg=publishing type=*apitype.DiagnosticEvent
time=2024-11-22T05:10:54.660+05:30 level=INFO msg=publishing type=*apitype.DiagnosticEvent
time=2024-11-22T05:10:54.660+05:30 level=INFO msg=publishing type=*apitype.DiagnosticEvent
time=2024-11-22T05:10:54.660+05:30 level=INFO msg=publishing type=*apitype.DiagnosticEvent
time=2024-11-22T05:10:54.661+05:30 level=INFO msg=publishing type=*apitype.DiagnosticEvent
time=2024-11-22T05:10:54.661+05:30 level=INFO msg=publishing type=*apitype.DiagnosticEvent
time=2024-11-22T05:10:54.661+05:30 level=INFO msg=publishing type=*apitype.DiagnosticEvent
time=2024-11-22T05:10:54.661+05:30 level=INFO msg=publishing type=*apitype.DiagnosticEvent
time=2024-11-22T05:10:54.662+05:30 level=INFO msg=publishing type=*apitype.DiagnosticEvent
time=2024-11-22T05:10:54.662+05:30 level=INFO msg=publishing type=*apitype.DiagnosticEvent
time=2024-11-22T05:10:54.662+05:30 level=INFO msg=publishing type=*apitype.DiagnosticEvent
time=2024-11-22T05:10:54.662+05:30 level=INFO msg=publishing type=*apitype.DiagnosticEvent
time=2024-11-22T05:10:54.663+05:30 level=INFO msg=publishing type=*apitype.DiagnosticEvent
time=2024-11-22T05:10:54.663+05:30 level=INFO msg=publishing type=*apitype.DiagnosticEvent
time=2024-11-22T05:10:54.663+05:30 level=INFO msg=publishing type=*apitype.DiagnosticEvent
time=2024-11-22T05:10:54.663+05:30 level=INFO msg=publishing type=*apitype.DiagnosticEvent
time=2024-11-22T05:10:54.663+05:30 level=INFO msg=publishing type=*apitype.DiagnosticEvent
time=2024-11-22T05:10:54.664+05:30 level=INFO msg=publishing type=*apitype.DiagnosticEvent
time=2024-11-22T05:10:54.664+05:30 level=INFO msg=publishing type=*apitype.DiagnosticEvent
time=2024-11-22T05:10:54.664+05:30 level=INFO msg=publishing type=*apitype.DiagnosticEvent
time=2024-11-22T05:10:54.664+05:30 level=INFO msg=publishing type=*apitype.DiagnosticEvent
time=2024-11-22T05:10:54.665+05:30 level=INFO msg=publishing type=*apitype.DiagnosticEvent
time=2024-11-22T05:10:54.665+05:30 level=INFO msg=publishing type=*apitype.DiagnosticEvent
time=2024-11-22T05:10:54.665+05:30 level=INFO msg=publishing type=*apitype.DiagnosticEvent
time=2024-11-22T05:10:54.665+05:30 level=INFO msg=publishing type=*apitype.DiagnosticEvent
time=2024-11-22T05:10:54.666+05:30 level=INFO msg=publishing type=*apitype.DiagnosticEvent
time=2024-11-22T05:10:54.666+05:30 level=INFO msg=publishing type=*apitype.DiagnosticEvent
time=2024-11-22T05:10:54.666+05:30 level=INFO msg=publishing type=*apitype.DiagnosticEvent
time=2024-11-22T05:10:54.666+05:30 level=INFO msg=publishing type=*apitype.DiagnosticEvent
time=2024-11-22T05:10:54.667+05:30 level=INFO msg=publishing type=*apitype.DiagnosticEvent
time=2024-11-22T05:10:56.358+05:30 level=INFO msg=publishing type=*apitype.DiagnosticEvent
time=2024-11-22T05:10:58.679+05:30 level=INFO msg=publishing type=*apitype.DiagnosticEvent
time=2024-11-22T05:10:58.688+05:30 level=INFO msg=publishing type=*apitype.ResourcePreEvent
time=2024-11-22T05:10:58.700+05:30 level=INFO msg=publishing type=*apitype.DiagnosticEvent
time=2024-11-22T05:10:58.706+05:30 level=INFO msg=publishing type=*apitype.DiagnosticEvent
time=2024-11-22T05:10:58.715+05:30 level=INFO msg=publishing type=*apitype.DiagnosticEvent
time=2024-11-22T05:10:58.858+05:30 level=INFO msg=publishing type=*apitype.ResOutputsEvent
time=2024-11-22T05:10:58.859+05:30 level=INFO msg=publishing type=*apitype.DiagnosticEvent
time=2024-11-22T05:10:58.860+05:30 level=INFO msg=publishing type=*apitype.DiagnosticEvent
time=2024-11-22T05:10:58.865+05:30 level=INFO msg=publishing type=*apitype.ResourcePreEvent
time=2024-11-22T05:10:58.865+05:30 level=INFO msg=publishing type=*apitype.ResOutputsEvent
time=2024-11-22T05:10:58.865+05:30 level=INFO msg=publishing type=*apitype.DiagnosticEvent
time=2024-11-22T05:10:58.878+05:30 level=INFO msg=publishing type=*apitype.ResourcePreEvent
time=2024-11-22T05:10:58.898+05:30 level=INFO msg="rpc request" method=POST url=/rpc
time=2024-11-22T05:10:59.007+05:30 level=INFO msg=publishing type=*apitype.ResourcePreEvent
time=2024-11-22T05:10:59.007+05:30 level=INFO msg=publishing type=*apitype.ResOutputsEvent
time=2024-11-22T05:10:59.014+05:30 level=INFO msg=publishing type=*apitype.DiagnosticEvent
time=2024-11-22T05:10:59.015+05:30 level=INFO msg=publishing type=*apitype.DiagnosticEvent
time=2024-11-22T05:11:00.647+05:30 level=INFO msg=publishing type=*apitype.DiagnosticEvent
time=2024-11-22T05:11:00.648+05:30 level=INFO msg=publishing type=*apitype.DiagnosticEvent
time=2024-11-22T05:11:00.649+05:30 level=INFO msg=publishing type=*apitype.ResourcePreEvent
time=2024-11-22T05:11:00.649+05:30 level=INFO msg=publishing type=*apitype.ResOutputsEvent
time=2024-11-22T05:11:00.656+05:30 level=INFO msg=publishing type=*apitype.DiagnosticEvent
time=2024-11-22T05:11:00.660+05:30 level=INFO msg=publishing type=*apitype.DiagnosticEvent
time=2024-11-22T05:11:00.661+05:30 level=INFO msg=publishing type=*apitype.DiagnosticEvent
time=2024-11-22T05:11:00.663+05:30 level=INFO msg=publishing type=*apitype.ResourcePreEvent
time=2024-11-22T05:11:00.663+05:30 level=INFO msg=publishing type=*apitype.ResOutputsEvent
time=2024-11-22T05:11:00.664+05:30 level=INFO msg=publishing type=*apitype.ResourcePreEvent
time=2024-11-22T05:11:00.664+05:30 level=INFO msg=publishing type=*apitype.DiagnosticEvent
time=2024-11-22T05:11:00.664+05:30 level=INFO msg=publishing type=*apitype.ResOutputsEvent
time=2024-11-22T05:11:00.664+05:30 level=INFO msg=publishing type=*apitype.DiagnosticEvent
time=2024-11-22T05:11:00.666+05:30 level=INFO msg=publishing type=*apitype.DiagnosticEvent
time=2024-11-22T05:11:00.666+05:30 level=INFO msg=publishing type=*apitype.DiagnosticEvent
time=2024-11-22T05:11:00.667+05:30 level=INFO msg=publishing type=*apitype.DiagnosticEvent
time=2024-11-22T05:11:00.668+05:30 level=INFO msg=publishing type=*apitype.ResourcePreEvent
time=2024-11-22T05:11:00.668+05:30 level=INFO msg=publishing type=*apitype.ResOutputsEvent
time=2024-11-22T05:11:00.668+05:30 level=INFO msg=publishing type=*apitype.DiagnosticEvent
time=2024-11-22T05:11:00.912+05:30 level=INFO msg=publishing type=*common.StdoutEvent
time=2024-11-22T05:11:00.913+05:30 level=INFO msg=publishing type=*common.StdoutEvent
time=2024-11-22T05:11:00.913+05:30 level=INFO msg=publishing type=*common.StdoutEvent
time=2024-11-22T05:11:00.913+05:30 level=INFO msg=publishing type=*common.StdoutEvent
time=2024-11-22T05:11:00.913+05:30 level=INFO msg=publishing type=*common.StdoutEvent
time=2024-11-22T05:11:00.913+05:30 level=INFO msg=publishing type=*common.StdoutEvent
time=2024-11-22T05:11:00.913+05:30 level=INFO msg=publishing type=*common.StdoutEvent
time=2024-11-22T05:11:01.020+05:30 level=INFO msg=publishing type=*common.StdoutEvent
time=2024-11-22T05:11:01.020+05:30 level=INFO msg=publishing type=*common.StdoutEvent
time=2024-11-22T05:11:01.020+05:30 level=INFO msg=publishing type=*common.StdoutEvent
time=2024-11-22T05:11:01.020+05:30 level=INFO msg=publishing type=*common.StdoutEvent
time=2024-11-22T05:11:01.543+05:30 level=INFO msg=publishing type=*common.StdoutEvent
time=2024-11-22T05:11:01.543+05:30 level=INFO msg=publishing type=*common.StdoutEvent
time=2024-11-22T05:11:01.543+05:30 level=INFO msg=publishing type=*common.StdoutEvent
time=2024-11-22T05:11:01.578+05:30 level=INFO msg=publishing type=*common.StdoutEvent
time=2024-11-22T05:11:05.400+05:30 level=INFO msg=publishing type=*common.StdoutEvent
time=2024-11-22T05:11:05.401+05:30 level=INFO msg=publishing type=*common.StdoutEvent
time=2024-11-22T05:11:06.484+05:30 level=INFO msg=publishing type=*common.StdoutEvent
time=2024-11-22T05:11:06.484+05:30 level=INFO msg=publishing type=*common.StdoutEvent
time=2024-11-22T05:11:06.484+05:30 level=INFO msg=publishing type=*common.StdoutEvent
time=2024-11-22T05:11:06.484+05:30 level=INFO msg=publishing type=*common.StdoutEvent
time=2024-11-22T05:11:06.484+05:30 level=INFO msg=publishing type=*common.StdoutEvent
time=2024-11-22T05:11:06.485+05:30 level=INFO msg=publishing type=*common.StdoutEvent
time=2024-11-22T05:11:06.485+05:30 level=INFO msg=publishing type=*common.StdoutEvent
time=2024-11-22T05:11:06.485+05:30 level=INFO msg=publishing type=*common.StdoutEvent
time=2024-11-22T05:11:07.000+05:30 level=INFO msg=publishing type=*common.StdoutEvent
time=2024-11-22T05:11:07.568+05:30 level=INFO msg=publishing type=*common.StdoutEvent
time=2024-11-22T05:11:07.769+05:30 level=INFO msg=publishing type=*common.StdoutEvent
time=2024-11-22T05:11:07.796+05:30 level=INFO msg=publishing type=*common.StdoutEvent
time=2024-11-22T05:11:07.797+05:30 level=INFO msg=publishing type=*common.StdoutEvent
time=2024-11-22T05:11:07.905+05:30 level=INFO msg=publishing type=*common.StdoutEvent
time=2024-11-22T05:11:08.069+05:30 level=INFO msg=publishing type=*common.StdoutEvent
time=2024-11-22T05:11:08.069+05:30 level=INFO msg=publishing type=*common.StdoutEvent
time=2024-11-22T05:11:12.229+05:30 level=INFO msg=publishing type=*common.StdoutEvent
time=2024-11-22T05:11:12.230+05:30 level=INFO msg=publishing type=*common.StdoutEvent
time=2024-11-22T05:11:12.230+05:30 level=INFO msg=publishing type=*common.StdoutEvent
time=2024-11-22T05:11:12.230+05:30 level=INFO msg=publishing type=*common.StdoutEvent
time=2024-11-22T05:11:12.230+05:30 level=INFO msg=publishing type=*common.StdoutEvent
time=2024-11-22T05:11:12.230+05:30 level=INFO msg=publishing type=*common.StdoutEvent
time=2024-11-22T05:11:12.230+05:30 level=INFO msg=publishing type=*common.StdoutEvent
time=2024-11-22T05:11:12.230+05:30 level=INFO msg=publishing type=*common.StdoutEvent
time=2024-11-22T05:11:12.230+05:30 level=INFO msg=publishing type=*common.StdoutEvent
time=2024-11-22T05:11:12.230+05:30 level=INFO msg=publishing type=*common.StdoutEvent
time=2024-11-22T05:11:12.230+05:30 level=INFO msg=publishing type=*common.StdoutEvent
time=2024-11-22T05:11:12.230+05:30 level=INFO msg=publishing type=*common.StdoutEvent
time=2024-11-22T05:11:12.249+05:30 level=INFO msg=publishing type=*common.StdoutEvent
time=2024-11-22T05:11:12.249+05:30 level=INFO msg=publishing type=*common.StdoutEvent
time=2024-11-22T05:11:12.249+05:30 level=INFO msg=publishing type=*common.StdoutEvent
time=2024-11-22T05:11:12.249+05:30 level=INFO msg=publishing type=*common.StdoutEvent
time=2024-11-22T05:11:12.249+05:30 level=INFO msg=publishing type=*common.StdoutEvent
time=2024-11-22T05:11:12.303+05:30 level=INFO msg=publishing type=*common.StdoutEvent
time=2024-11-22T05:11:12.303+05:30 level=INFO msg=publishing type=*common.StdoutEvent
time=2024-11-22T05:11:12.396+05:30 level=INFO msg=publishing type=*common.StdoutEvent
time=2024-11-22T05:11:12.630+05:30 level=INFO msg=publishing type=*common.StdoutEvent
time=2024-11-22T05:11:12.915+05:30 level=INFO msg=publishing type=*common.StdoutEvent
time=2024-11-22T05:11:12.976+05:30 level=INFO msg=publishing type=*common.StdoutEvent
time=2024-11-22T05:11:17.207+05:30 level=INFO msg=publishing type=*common.StdoutEvent
time=2024-11-22T05:11:17.298+05:30 level=INFO msg=publishing type=*common.StdoutEvent
time=2024-11-22T05:11:17.320+05:30 level=INFO msg="waiting for command to finish" cmd="/bin/sh -c npx --yes open-next@3.0.8 build"
time=2024-11-22T05:11:17.353+05:30 level=INFO msg=publishing type=*apitype.ResOutputsEvent
time=2024-11-22T05:11:17.463+05:30 level=INFO msg=publishing type=*apitype.DiagnosticEvent
time=2024-11-22T05:11:17.463+05:30 level=INFO msg=publishing type=*apitype.DiagnosticEvent
time=2024-11-22T05:11:17.464+05:30 level=INFO msg=publishing type=*apitype.ResourcePreEvent
time=2024-11-22T05:11:17.467+05:30 level=INFO msg=publishing type=*apitype.DiagnosticEvent
time=2024-11-22T05:11:17.468+05:30 level=INFO msg=publishing type=*apitype.DiagnosticEvent
time=2024-11-22T05:11:17.471+05:30 level=INFO msg=publishing type=*apitype.DiagnosticEvent
time=2024-11-22T05:11:17.471+05:30 level=INFO msg=publishing type=*apitype.DiagnosticEvent
time=2024-11-22T05:11:17.476+05:30 level=INFO msg=publishing type=*apitype.DiagnosticEvent
time=2024-11-22T05:11:17.476+05:30 level=INFO msg=publishing type=*apitype.DiagnosticEvent
time=2024-11-22T05:11:17.478+05:30 level=INFO msg=publishing type=*apitype.DiagnosticEvent
time=2024-11-22T05:11:17.479+05:30 level=INFO msg=publishing type=*apitype.DiagnosticEvent
time=2024-11-22T05:11:17.479+05:30 level=INFO msg=publishing type=*apitype.DiagnosticEvent
time=2024-11-22T05:11:17.480+05:30 level=INFO msg=publishing type=*apitype.DiagnosticEvent
time=2024-11-22T05:11:17.480+05:30 level=INFO msg=publishing type=*apitype.DiagnosticEvent
time=2024-11-22T05:11:17.480+05:30 level=INFO msg=publishing type=*apitype.DiagnosticEvent
time=2024-11-22T05:11:17.481+05:30 level=INFO msg=publishing type=*apitype.DiagnosticEvent
time=2024-11-22T05:11:17.482+05:30 level=INFO msg=publishing type=*apitype.DiagnosticEvent
time=2024-11-22T05:11:17.483+05:30 level=INFO msg=publishing type=*apitype.DiagnosticEvent
time=2024-11-22T05:11:17.483+05:30 level=INFO msg=publishing type=*apitype.DiagnosticEvent
time=2024-11-22T05:11:17.516+05:30 level=INFO msg=publishing type=*apitype.ResourcePreEvent
time=2024-11-22T05:11:17.516+05:30 level=INFO msg=publishing type=*apitype.ResOutputsEvent
time=2024-11-22T05:11:17.516+05:30 level=INFO msg=publishing type=*apitype.ResourcePreEvent
time=2024-11-22T05:11:17.516+05:30 level=INFO msg=publishing type=*apitype.ResOutputsEvent
time=2024-11-22T05:11:17.517+05:30 level=INFO msg=publishing type=*apitype.DiagnosticEvent
time=2024-11-22T05:11:17.522+05:30 level=INFO msg=publishing type=*apitype.DiagnosticEvent
time=2024-11-22T05:11:17.522+05:30 level=INFO msg=publishing type=*apitype.DiagnosticEvent
time=2024-11-22T05:11:17.523+05:30 level=INFO msg=publishing type=*apitype.ResourcePreEvent
time=2024-11-22T05:11:17.523+05:30 level=INFO msg=publishing type=*apitype.ResOutputsEvent
time=2024-11-22T05:11:17.523+05:30 level=INFO msg=publishing type=*apitype.DiagnosticEvent
time=2024-11-22T05:11:17.523+05:30 level=INFO msg=publishing type=*apitype.DiagnosticEvent
time=2024-11-22T05:11:17.524+05:30 level=INFO msg=publishing type=*apitype.DiagnosticEvent
time=2024-11-22T05:11:17.524+05:30 level=INFO msg=publishing type=*apitype.DiagnosticEvent
time=2024-11-22T05:11:17.525+05:30 level=INFO msg=publishing type=*apitype.DiagnosticEvent
time=2024-11-22T05:11:17.525+05:30 level=INFO msg=publishing type=*apitype.DiagnosticEvent
time=2024-11-22T05:11:17.525+05:30 level=INFO msg=publishing type=*apitype.DiagnosticEvent
time=2024-11-22T05:11:17.527+05:30 level=INFO msg=publishing type=*apitype.ResOutputsEvent
time=2024-11-22T05:11:17.527+05:30 level=INFO msg=publishing type=*apitype.ResourcePreEvent
time=2024-11-22T05:11:17.528+05:30 level=INFO msg=publishing type=*apitype.ResOutputsEvent
time=2024-11-22T05:11:17.659+05:30 level=INFO msg=publishing type=*apitype.DiagnosticEvent
time=2024-11-22T05:11:17.660+05:30 level=INFO msg=publishing type=*apitype.DiagnosticEvent
time=2024-11-22T05:11:17.668+05:30 level=INFO msg=publishing type=*apitype.ResourcePreEvent
time=2024-11-22T05:11:17.668+05:30 level=INFO msg=publishing type=*apitype.ResourcePreEvent
time=2024-11-22T05:11:17.669+05:30 level=INFO msg=publishing type=*apitype.ResourcePreEvent
time=2024-11-22T05:11:17.669+05:30 level=INFO msg=publishing type=*apitype.ResOutputsEvent
time=2024-11-22T05:11:17.669+05:30 level=INFO msg=publishing type=*apitype.ResourcePreEvent
time=2024-11-22T05:11:17.671+05:30 level=INFO msg=publishing type=*apitype.DiagnosticEvent
time=2024-11-22T05:11:17.672+05:30 level=INFO msg=publishing type=*apitype.DiagnosticEvent
time=2024-11-22T05:11:17.673+05:30 level=INFO msg=publishing type=*apitype.ResourcePreEvent
time=2024-11-22T05:11:17.673+05:30 level=INFO msg=publishing type=*apitype.ResOutputsEvent
time=2024-11-22T05:11:17.677+05:30 level=INFO msg=publishing type=*apitype.DiagnosticEvent
time=2024-11-22T05:11:17.693+05:30 level=INFO msg=publishing type=*apitype.ResOutputsEvent
time=2024-11-22T05:11:17.694+05:30 level=INFO msg=publishing type=*apitype.ResourcePreEvent
time=2024-11-22T05:11:17.694+05:30 level=INFO msg=publishing type=*apitype.ResOutputsEvent
time=2024-11-22T05:11:17.695+05:30 level=INFO msg=publishing type=*apitype.DiagnosticEvent
time=2024-11-22T05:11:17.695+05:30 level=INFO msg=publishing type=*apitype.DiagnosticEvent
time=2024-11-22T05:11:17.697+05:30 level=INFO msg=publishing type=*apitype.ResourcePreEvent
time=2024-11-22T05:11:17.697+05:30 level=INFO msg=publishing type=*apitype.ResOutputsEvent
time=2024-11-22T05:11:17.699+05:30 level=INFO msg=publishing type=*apitype.ResOutputsEvent
time=2024-11-22T05:11:17.699+05:30 level=INFO msg=publishing type=*apitype.ResourcePreEvent
time=2024-11-22T05:11:17.699+05:30 level=INFO msg=publishing type=*apitype.ResOutputsEvent
time=2024-11-22T05:11:17.699+05:30 level=INFO msg=publishing type=*apitype.ResOutputsEvent
time=2024-11-22T05:11:17.700+05:30 level=INFO msg=publishing type=*apitype.DiagnosticEvent
time=2024-11-22T05:11:17.703+05:30 level=INFO msg=publishing type=*apitype.ResourcePreEvent
time=2024-11-22T05:11:17.703+05:30 level=INFO msg=publishing type=*apitype.ResOutputsEvent
time=2024-11-22T05:11:17.709+05:30 level=INFO msg="rpc request" method=POST url=/rpc
time=2024-11-22T05:11:17.709+05:30 level=INFO msg="rpc request" method=POST url=/rpc
time=2024-11-22T05:11:17.709+05:30 level=INFO msg=publishing type=*apitype.DiagnosticEvent
time=2024-11-22T05:11:17.709+05:30 level=INFO msg="rpc request" method=POST url=/rpc
time=2024-11-22T05:11:17.709+05:30 level=INFO msg=publishing type=*apitype.DiagnosticEvent
time=2024-11-22T05:11:17.709+05:30 level=INFO msg="rpc request" method=POST url=/rpc
time=2024-11-22T05:11:17.709+05:30 level=INFO msg="rpc request" method=POST url=/rpc
time=2024-11-22T05:11:17.714+05:30 level=INFO msg="fetching bootstrap"
time=2024-11-22T05:11:17.714+05:30 level=INFO msg="fetching bootstrap"
time=2024-11-22T05:11:17.714+05:30 level=INFO msg="fetching bootstrap"
time=2024-11-22T05:11:17.714+05:30 level=INFO msg="fetching bootstrap"
time=2024-11-22T05:11:17.714+05:30 level=INFO msg="fetching bootstrap"
time=2024-11-22T05:11:17.723+05:30 level=INFO msg=publishing type=*apitype.DiagnosticEvent
time=2024-11-22T05:11:17.723+05:30 level=INFO msg=publishing type=*apitype.DiagnosticEvent
time=2024-11-22T05:11:17.724+05:30 level=INFO msg=publishing type=*apitype.DiagnosticEvent
time=2024-11-22T05:11:17.724+05:30 level=INFO msg=publishing type=*apitype.DiagnosticEvent
time=2024-11-22T05:11:17.730+05:30 level=INFO msg=publishing type=*apitype.DiagnosticEvent
time=2024-11-22T05:11:17.731+05:30 level=INFO msg=publishing type=*apitype.DiagnosticEvent
time=2024-11-22T05:11:17.733+05:30 level=INFO msg=publishing type=*apitype.DiagnosticEvent
time=2024-11-22T05:11:17.733+05:30 level=INFO msg=publishing type=*apitype.DiagnosticEvent
time=2024-11-22T05:11:17.736+05:30 level=INFO msg=publishing type=*apitype.DiagnosticEvent
time=2024-11-22T05:11:17.736+05:30 level=INFO msg=publishing type=*apitype.DiagnosticEvent
time=2024-11-22T05:11:17.740+05:30 level=INFO msg=publishing type=*apitype.DiagnosticEvent
time=2024-11-22T05:11:17.741+05:30 level=INFO msg=publishing type=*apitype.DiagnosticEvent
time=2024-11-22T05:11:17.745+05:30 level=INFO msg=publishing type=*apitype.DiagnosticEvent
time=2024-11-22T05:11:17.745+05:30 level=INFO msg=publishing type=*apitype.DiagnosticEvent
time=2024-11-22T05:11:17.750+05:30 level=INFO msg=publishing type=*apitype.DiagnosticEvent
time=2024-11-22T05:11:17.750+05:30 level=INFO msg=publishing type=*apitype.DiagnosticEvent
time=2024-11-22T05:11:17.755+05:30 level=INFO msg=publishing type=*apitype.DiagnosticEvent
time=2024-11-22T05:11:17.755+05:30 level=INFO msg=publishing type=*apitype.DiagnosticEvent
time=2024-11-22T05:11:17.757+05:30 level=INFO msg=publishing type=*apitype.DiagnosticEvent
time=2024-11-22T05:11:17.757+05:30 level=INFO msg=publishing type=*apitype.DiagnosticEvent
time=2024-11-22T05:11:17.758+05:30 level=INFO msg=publishing type=*apitype.DiagnosticEvent
time=2024-11-22T05:11:17.758+05:30 level=INFO msg=publishing type=*apitype.DiagnosticEvent
time=2024-11-22T05:11:17.760+05:30 level=INFO msg=publishing type=*apitype.DiagnosticEvent
time=2024-11-22T05:11:17.760+05:30 level=INFO msg=publishing type=*apitype.DiagnosticEvent
time=2024-11-22T05:11:17.762+05:30 level=INFO msg=publishing type=*apitype.DiagnosticEvent
time=2024-11-22T05:11:17.762+05:30 level=INFO msg=publishing type=*apitype.DiagnosticEvent
time=2024-11-22T05:11:17.762+05:30 level=INFO msg=publishing type=*apitype.DiagnosticEvent
time=2024-11-22T05:11:17.762+05:30 level=INFO msg=publishing type=*apitype.DiagnosticEvent
time=2024-11-22T05:11:17.763+05:30 level=INFO msg=publishing type=*apitype.DiagnosticEvent
time=2024-11-22T05:11:17.764+05:30 level=INFO msg=publishing type=*apitype.DiagnosticEvent
time=2024-11-22T05:11:17.764+05:30 level=INFO msg=publishing type=*apitype.DiagnosticEvent
time=2024-11-22T05:11:17.765+05:30 level=INFO msg=publishing type=*apitype.DiagnosticEvent
time=2024-11-22T05:11:17.766+05:30 level=INFO msg=publishing type=*apitype.DiagnosticEvent
time=2024-11-22T05:11:17.766+05:30 level=INFO msg=publishing type=*apitype.DiagnosticEvent
time=2024-11-22T05:11:17.766+05:30 level=INFO msg=publishing type=*apitype.DiagnosticEvent
time=2024-11-22T05:11:17.767+05:30 level=INFO msg=publishing type=*apitype.DiagnosticEvent
time=2024-11-22T05:11:17.767+05:30 level=INFO msg=publishing type=*apitype.DiagnosticEvent
time=2024-11-22T05:11:17.767+05:30 level=INFO msg=publishing type=*apitype.DiagnosticEvent
time=2024-11-22T05:11:17.768+05:30 level=INFO msg=publishing type=*apitype.DiagnosticEvent
time=2024-11-22T05:11:17.768+05:30 level=INFO msg=publishing type=*apitype.DiagnosticEvent
time=2024-11-22T05:11:17.768+05:30 level=INFO msg=publishing type=*apitype.DiagnosticEvent
time=2024-11-22T05:11:17.791+05:30 level=INFO msg=publishing type=*apitype.DiagnosticEvent
time=2024-11-22T05:11:17.791+05:30 level=INFO msg=publishing type=*apitype.DiagnosticEvent
time=2024-11-22T05:11:17.792+05:30 level=INFO msg=publishing type=*apitype.DiagnosticEvent
time=2024-11-22T05:11:17.792+05:30 level=INFO msg=publishing type=*apitype.DiagnosticEvent
time=2024-11-22T05:11:17.792+05:30 level=INFO msg="rpc request" method=POST url=/rpc
time=2024-11-22T05:11:17.792+05:30 level=INFO msg="fetching bootstrap"
time=2024-11-22T05:11:17.793+05:30 level=INFO msg=publishing type=*apitype.DiagnosticEvent
time=2024-11-22T05:11:17.793+05:30 level=INFO msg=publishing type=*apitype.DiagnosticEvent
time=2024-11-22T05:11:17.793+05:30 level=INFO msg=publishing type=*apitype.DiagnosticEvent
time=2024-11-22T05:11:17.793+05:30 level=INFO msg=publishing type=*apitype.DiagnosticEvent
time=2024-11-22T05:11:17.794+05:30 level=INFO msg=publishing type=*apitype.DiagnosticEvent
time=2024-11-22T05:11:17.794+05:30 level=INFO msg=publishing type=*apitype.DiagnosticEvent
time=2024-11-22T05:11:17.794+05:30 level=INFO msg=publishing type=*apitype.DiagnosticEvent
time=2024-11-22T05:11:17.795+05:30 level=INFO msg=publishing type=*apitype.DiagnosticEvent
time=2024-11-22T05:11:17.795+05:30 level=INFO msg=publishing type=*apitype.DiagnosticEvent
time=2024-11-22T05:11:17.795+05:30 level=INFO msg=publishing type=*apitype.DiagnosticEvent
time=2024-11-22T05:11:17.796+05:30 level=INFO msg=publishing type=*apitype.DiagnosticEvent
time=2024-11-22T05:11:17.796+05:30 level=INFO msg=publishing type=*apitype.DiagnosticEvent
time=2024-11-22T05:11:17.796+05:30 level=INFO msg=publishing type=*apitype.DiagnosticEvent
time=2024-11-22T05:11:17.796+05:30 level=INFO msg=publishing type=*apitype.DiagnosticEvent
time=2024-11-22T05:11:17.797+05:30 level=INFO msg=publishing type=*apitype.DiagnosticEvent
time=2024-11-22T05:11:17.797+05:30 level=INFO msg=publishing type=*apitype.DiagnosticEvent
time=2024-11-22T05:11:17.797+05:30 level=INFO msg=publishing type=*apitype.DiagnosticEvent
time=2024-11-22T05:11:17.798+05:30 level=INFO msg=publishing type=*apitype.DiagnosticEvent
time=2024-11-22T05:11:17.798+05:30 level=INFO msg=publishing type=*apitype.DiagnosticEvent
time=2024-11-22T05:11:17.798+05:30 level=INFO msg=publishing type=*apitype.DiagnosticEvent
time=2024-11-22T05:11:17.799+05:30 level=INFO msg=publishing type=*apitype.DiagnosticEvent
time=2024-11-22T05:11:17.799+05:30 level=INFO msg=publishing type=*apitype.DiagnosticEvent
time=2024-11-22T05:11:17.799+05:30 level=INFO msg=publishing type=*apitype.DiagnosticEvent
time=2024-11-22T05:11:17.800+05:30 level=INFO msg=publishing type=*apitype.DiagnosticEvent
time=2024-11-22T05:11:17.800+05:30 level=INFO msg=publishing type=*apitype.DiagnosticEvent
time=2024-11-22T05:11:17.800+05:30 level=INFO msg=publishing type=*apitype.DiagnosticEvent
time=2024-11-22T05:11:17.801+05:30 level=INFO msg=publishing type=*apitype.DiagnosticEvent
time=2024-11-22T05:11:17.801+05:30 level=INFO msg=publishing type=*apitype.DiagnosticEvent
time=2024-11-22T05:11:17.801+05:30 level=INFO msg=publishing type=*apitype.DiagnosticEvent
time=2024-11-22T05:11:17.802+05:30 level=INFO msg=publishing type=*apitype.DiagnosticEvent
time=2024-11-22T05:11:17.802+05:30 level=INFO msg=publishing type=*apitype.DiagnosticEvent
time=2024-11-22T05:11:17.802+05:30 level=INFO msg=publishing type=*apitype.DiagnosticEvent
time=2024-11-22T05:11:17.802+05:30 level=INFO msg=publishing type=*apitype.DiagnosticEvent
time=2024-11-22T05:11:17.803+05:30 level=INFO msg=publishing type=*apitype.DiagnosticEvent
time=2024-11-22T05:11:17.803+05:30 level=INFO msg=publishing type=*apitype.DiagnosticEvent
time=2024-11-22T05:11:17.803+05:30 level=INFO msg=publishing type=*apitype.DiagnosticEvent
time=2024-11-22T05:11:17.804+05:30 level=INFO msg=publishing type=*apitype.DiagnosticEvent
time=2024-11-22T05:11:17.804+05:30 level=INFO msg=publishing type=*apitype.DiagnosticEvent
time=2024-11-22T05:11:17.805+05:30 level=INFO msg=publishing type=*apitype.DiagnosticEvent
time=2024-11-22T05:11:17.805+05:30 level=INFO msg=publishing type=*apitype.DiagnosticEvent
time=2024-11-22T05:11:17.805+05:30 level=INFO msg=publishing type=*apitype.DiagnosticEvent
time=2024-11-22T05:11:17.806+05:30 level=INFO msg=publishing type=*apitype.DiagnosticEvent
time=2024-11-22T05:11:17.806+05:30 level=INFO msg=publishing type=*apitype.DiagnosticEvent
time=2024-11-22T05:11:17.807+05:30 level=INFO msg=publishing type=*apitype.DiagnosticEvent
time=2024-11-22T05:11:17.807+05:30 level=INFO msg=publishing type=*apitype.DiagnosticEvent
time=2024-11-22T05:11:17.807+05:30 level=INFO msg=publishing type=*apitype.DiagnosticEvent
time=2024-11-22T05:11:17.808+05:30 level=INFO msg=publishing type=*apitype.DiagnosticEvent
time=2024-11-22T05:11:17.808+05:30 level=INFO msg=publishing type=*apitype.DiagnosticEvent
time=2024-11-22T05:11:17.809+05:30 level=INFO msg=publishing type=*apitype.DiagnosticEvent
time=2024-11-22T05:11:17.809+05:30 level=INFO msg=publishing type=*apitype.DiagnosticEvent
time=2024-11-22T05:11:17.810+05:30 level=INFO msg=publishing type=*apitype.DiagnosticEvent
time=2024-11-22T05:11:17.810+05:30 level=INFO msg=publishing type=*apitype.DiagnosticEvent
time=2024-11-22T05:11:17.810+05:30 level=INFO msg=publishing type=*apitype.DiagnosticEvent
time=2024-11-22T05:11:17.811+05:30 level=INFO msg=publishing type=*apitype.DiagnosticEvent
time=2024-11-22T05:11:17.811+05:30 level=INFO msg=publishing type=*apitype.DiagnosticEvent
time=2024-11-22T05:11:17.812+05:30 level=INFO msg=publishing type=*apitype.DiagnosticEvent
time=2024-11-22T05:11:17.812+05:30 level=INFO msg=publishing type=*apitype.DiagnosticEvent
time=2024-11-22T05:11:17.887+05:30 level=INFO msg=publishing type=*apitype.DiagnosticEvent
time=2024-11-22T05:11:17.888+05:30 level=INFO msg=publishing type=*apitype.DiagnosticEvent
time=2024-11-22T05:11:17.888+05:30 level=INFO msg=publishing type=*apitype.DiagnosticEvent
time=2024-11-22T05:11:17.889+05:30 level=INFO msg=publishing type=*apitype.DiagnosticEvent
time=2024-11-22T05:11:17.889+05:30 level=INFO msg=publishing type=*apitype.DiagnosticEvent
time=2024-11-22T05:11:17.890+05:30 level=INFO msg=publishing type=*apitype.DiagnosticEvent
time=2024-11-22T05:11:17.891+05:30 level=INFO msg=publishing type=*apitype.DiagnosticEvent
time=2024-11-22T05:11:17.891+05:30 level=INFO msg=publishing type=*apitype.DiagnosticEvent
time=2024-11-22T05:11:17.892+05:30 level=INFO msg=publishing type=*apitype.DiagnosticEvent
time=2024-11-22T05:11:17.892+05:30 level=INFO msg=publishing type=*apitype.DiagnosticEvent
time=2024-11-22T05:11:17.893+05:30 level=INFO msg=publishing type=*apitype.DiagnosticEvent
time=2024-11-22T05:11:18.415+05:30 level=INFO msg=publishing type=*apitype.DiagnosticEvent
time=2024-11-22T05:11:18.416+05:30 level=INFO msg="rpc request" method=POST url=/rpc
time=2024-11-22T05:11:18.416+05:30 level=INFO msg="fetching bootstrap"
time=2024-11-22T05:11:18.416+05:30 level=INFO msg=publishing type=*apitype.DiagnosticEvent
time=2024-11-22T05:11:18.587+05:30 level=INFO msg=publishing type=*apitype.DiagnosticEvent
time=2024-11-22T05:11:18.587+05:30 level=INFO msg="rpc request" method=POST url=/rpc
time=2024-11-22T05:11:18.587+05:30 level=INFO msg=publishing type=*apitype.DiagnosticEvent
time=2024-11-22T05:11:18.587+05:30 level=INFO msg="fetching bootstrap"
time=2024-11-22T05:11:18.629+05:30 level=INFO msg="found existing bootstrap" data="{\"version\":4,\"asset\":\"sst-asset-vaavddthmxfo\",\"assetEcrRegistryId\":\"831926620158\",\"assetEcrUrl\":\"831926620158.dkr.ecr.us-east-1.amazonaws.com/sst-asset\",\"state\":\"sst-state-vaavddthmxfo\"}"
time=2024-11-22T05:11:18.643+05:30 level=INFO msg="found existing bootstrap" data="{\"version\":4,\"asset\":\"sst-asset-vaavddthmxfo\",\"assetEcrRegistryId\":\"831926620158\",\"assetEcrUrl\":\"831926620158.dkr.ecr.us-east-1.amazonaws.com/sst-asset\",\"state\":\"sst-state-vaavddthmxfo\"}"
time=2024-11-22T05:11:18.655+05:30 level=INFO msg="found existing bootstrap" data="{\"version\":4,\"asset\":\"sst-asset-vaavddthmxfo\",\"assetEcrRegistryId\":\"831926620158\",\"assetEcrUrl\":\"831926620158.dkr.ecr.us-east-1.amazonaws.com/sst-asset\",\"state\":\"sst-state-vaavddthmxfo\"}"
time=2024-11-22T05:11:18.657+05:30 level=INFO msg=publishing type=*apitype.DiagnosticEvent
time=2024-11-22T05:11:18.678+05:30 level=INFO msg="found existing bootstrap" data="{\"version\":4,\"asset\":\"sst-asset-vaavddthmxfo\",\"assetEcrRegistryId\":\"831926620158\",\"assetEcrUrl\":\"831926620158.dkr.ecr.us-east-1.amazonaws.com/sst-asset\",\"state\":\"sst-state-vaavddthmxfo\"}"
time=2024-11-22T05:11:18.998+05:30 level=INFO msg="found existing bootstrap" data="{\"version\":4,\"asset\":\"sst-asset-vaavddthmxfo\",\"assetEcrRegistryId\":\"831926620158\",\"assetEcrUrl\":\"831926620158.dkr.ecr.us-east-1.amazonaws.com/sst-asset\",\"state\":\"sst-state-vaavddthmxfo\"}"
time=2024-11-22T05:11:19.304+05:30 level=INFO msg="found existing bootstrap" data="{\"version\":4,\"asset\":\"sst-asset-vaavddthmxfo\",\"assetEcrRegistryId\":\"831926620158\",\"assetEcrUrl\":\"831926620158.dkr.ecr.us-east-1.amazonaws.com/sst-asset\",\"state\":\"sst-state-vaavddthmxfo\"}"
time=2024-11-22T05:11:19.312+05:30 level=INFO msg=publishing type=*apitype.DiagnosticEvent
time=2024-11-22T05:11:19.506+05:30 level=INFO msg="found existing bootstrap" data="{\"version\":4,\"asset\":\"sst-asset-vaavddthmxfo\",\"assetEcrRegistryId\":\"831926620158\",\"assetEcrUrl\":\"831926620158.dkr.ecr.us-east-1.amazonaws.com/sst-asset\",\"state\":\"sst-state-vaavddthmxfo\"}"
time=2024-11-22T05:11:19.509+05:30 level=INFO msg=publishing type=*apitype.DiagnosticEvent
time=2024-11-22T05:11:19.553+05:30 level=INFO msg=publishing type=*apitype.DiagnosticEvent
time=2024-11-22T05:11:19.660+05:30 level=INFO msg="found existing bootstrap" data="{\"version\":4,\"asset\":\"sst-asset-vaavddthmxfo\",\"assetEcrRegistryId\":\"831926620158\",\"assetEcrUrl\":\"831926620158.dkr.ecr.us-east-1.amazonaws.com/sst-asset\",\"state\":\"sst-state-vaavddthmxfo\"}"
time=2024-11-22T05:11:21.823+05:30 level=INFO msg=publishing type=*apitype.DiagnosticEvent
time=2024-11-22T05:11:21.827+05:30 level=INFO msg=publishing type=*apitype.ResourcePreEvent
time=2024-11-22T05:11:21.827+05:30 level=INFO msg=publishing type=*apitype.ResourcePreEvent
time=2024-11-22T05:11:21.827+05:30 level=INFO msg=publishing type=*apitype.ResOutputsEvent
time=2024-11-22T05:11:21.836+05:30 level=INFO msg=publishing type=*apitype.DiagnosticEvent
time=2024-11-22T05:11:21.846+05:30 level=INFO msg=publishing type=*apitype.ResourcePreEvent
time=2024-11-22T05:11:21.846+05:30 level=INFO msg=publishing type=*apitype.ResOutputsEvent
time=2024-11-22T05:11:21.853+05:30 level=INFO msg=publishing type=*apitype.DiagnosticEvent
time=2024-11-22T05:11:21.853+05:30 level=INFO msg=publishing type=*apitype.DiagnosticEvent
time=2024-11-22T05:11:21.855+05:30 level=INFO msg=publishing type=*apitype.DiagnosticEvent
time=2024-11-22T05:11:21.855+05:30 level=INFO msg=publishing type=*apitype.DiagnosticEvent
time=2024-11-22T05:11:21.855+05:30 level=INFO msg=publishing type=*apitype.DiagnosticEvent
time=2024-11-22T05:11:21.855+05:30 level=INFO msg=publishing type=*apitype.DiagnosticEvent
time=2024-11-22T05:11:21.856+05:30 level=INFO msg=publishing type=*apitype.DiagnosticEvent
time=2024-11-22T05:11:21.866+05:30 level=INFO msg=publishing type=*apitype.ResourcePreEvent
time=2024-11-22T05:11:21.872+05:30 level=INFO msg=publishing type=*apitype.ResourcePreEvent
time=2024-11-22T05:11:21.878+05:30 level=INFO msg=publishing type=*apitype.ResourcePreEvent
time=2024-11-22T05:11:21.888+05:30 level=INFO msg="rpc request" method=POST url=/rpc
time=2024-11-22T05:11:21.895+05:30 level=INFO msg=publishing type=*apitype.ResOutputsEvent
time=2024-11-22T05:11:21.896+05:30 level=INFO msg=publishing type=*apitype.ResourcePreEvent
time=2024-11-22T05:11:21.918+05:30 level=INFO msg=publishing type=*apitype.DiagnosticEvent
time=2024-11-22T05:11:21.918+05:30 level=INFO msg=publishing type=*apitype.DiagnosticEvent
time=2024-11-22T05:11:21.923+05:30 level=INFO msg=publishing type=*apitype.ResourcePreEvent
time=2024-11-22T05:11:21.923+05:30 level=INFO msg=publishing type=*apitype.ResOutputsEvent
time=2024-11-22T05:11:21.923+05:30 level=INFO msg=publishing type=*apitype.DiagnosticEvent
time=2024-11-22T05:11:21.926+05:30 level=INFO msg=publishing type=*apitype.ResourcePreEvent
time=2024-11-22T05:11:21.927+05:30 level=INFO msg=publishing type=*apitype.ResOutputsEvent
time=2024-11-22T05:11:21.934+05:30 level=INFO msg=publishing type=*apitype.ResourcePreEvent
time=2024-11-22T05:11:21.936+05:30 level=INFO msg=publishing type=*apitype.DiagnosticEvent
time=2024-11-22T05:11:21.936+05:30 level=INFO msg=publishing type=*apitype.DiagnosticEvent
time=2024-11-22T05:11:23.994+05:30 level=INFO msg=publishing type=*apitype.ResOutputsEvent
time=2024-11-22T05:11:24.022+05:30 level=INFO msg=publishing type=*apitype.ResourcePreEvent
time=2024-11-22T05:11:24.022+05:30 level=INFO msg=publishing type=*apitype.ResOutputsEvent
time=2024-11-22T05:11:24.028+05:30 level=INFO msg=publishing type=*apitype.DiagnosticEvent
time=2024-11-22T05:11:24.034+05:30 level=INFO msg=publishing type=*apitype.DiagnosticEvent
time=2024-11-22T05:11:24.040+05:30 level=INFO msg=publishing type=*apitype.ResourcePreEvent
time=2024-11-22T05:11:24.142+05:30 level=INFO msg=publishing type=*apitype.ResOutputsEvent
time=2024-11-22T05:11:24.158+05:30 level=INFO msg=publishing type=*apitype.ResourcePreEvent
time=2024-11-22T05:11:24.159+05:30 level=INFO msg=publishing type=*apitype.ResOutputsEvent
time=2024-11-22T05:11:24.162+05:30 level=INFO msg=publishing type=*apitype.DiagnosticEvent
time=2024-11-22T05:11:24.162+05:30 level=INFO msg=publishing type=*apitype.DiagnosticEvent
time=2024-11-22T05:11:24.172+05:30 level=INFO msg=publishing type=*apitype.ResourcePreEvent
time=2024-11-22T05:11:25.265+05:30 level=INFO msg=publishing type=*apitype.DiagnosticEvent
time=2024-11-22T05:11:25.333+05:30 level=INFO msg=publishing type=*apitype.DiagnosticEvent
time=2024-11-22T05:11:31.493+05:30 level=INFO msg=publishing type=*apitype.ResOutputsEvent
time=2024-11-22T05:11:31.503+05:30 level=INFO msg=publishing type=*apitype.ResOutputsEvent
time=2024-11-22T05:11:31.524+05:30 level=INFO msg=publishing type=*apitype.DiagnosticEvent
time=2024-11-22T05:11:31.526+05:30 level=INFO msg=publishing type=*apitype.DiagnosticEvent
time=2024-11-22T05:11:31.528+05:30 level=INFO msg=publishing type=*apitype.ResourcePreEvent
time=2024-11-22T05:11:31.545+05:30 level=INFO msg=publishing type=*apitype.DiagnosticEvent
time=2024-11-22T05:11:31.545+05:30 level=INFO msg=publishing type=*apitype.DiagnosticEvent
time=2024-11-22T05:11:31.551+05:30 level=INFO msg=publishing type=*apitype.ResourcePreEvent
time=2024-11-22T05:11:31.552+05:30 level=INFO msg=publishing type=*apitype.ResOutputsEvent
time=2024-11-22T05:11:31.556+05:30 level=INFO msg=publishing type=*apitype.DiagnosticEvent
time=2024-11-22T05:11:33.433+05:30 level=INFO msg=publishing type=*apitype.ResOutputsEvent
time=2024-11-22T05:11:33.458+05:30 level=INFO msg=publishing type=*apitype.ResourcePreEvent
time=2024-11-22T05:11:33.459+05:30 level=INFO msg=publishing type=*apitype.ResOutputsEvent
time=2024-11-22T05:11:33.461+05:30 level=INFO msg=publishing type=*apitype.DiagnosticEvent
time=2024-11-22T05:11:34.150+05:30 level=INFO msg=publishing type=*apitype.ResOutputsEvent
time=2024-11-22T05:11:34.179+05:30 level=INFO msg=publishing type=*apitype.ResourcePreEvent
time=2024-11-22T05:11:34.179+05:30 level=INFO msg=publishing type=*apitype.ResOutputsEvent
time=2024-11-22T05:11:34.184+05:30 level=INFO msg=publishing type=*apitype.DiagnosticEvent
time=2024-11-22T05:11:34.184+05:30 level=INFO msg=publishing type=*apitype.DiagnosticEvent
time=2024-11-22T05:11:34.193+05:30 level=INFO msg=publishing type=*apitype.ResourcePreEvent
time=2024-11-22T05:11:35.511+05:30 level=INFO msg=publishing type=*apitype.DiagnosticEvent
time=2024-11-22T05:11:35.716+05:30 level=INFO msg=publishing type=*apitype.ResOutputsEvent
time=2024-11-22T05:11:35.744+05:30 level=INFO msg=publishing type=*apitype.ResourcePreEvent
time=2024-11-22T05:11:35.744+05:30 level=INFO msg=publishing type=*apitype.ResOutputsEvent
time=2024-11-22T05:11:35.750+05:30 level=INFO msg=publishing type=*apitype.DiagnosticEvent
time=2024-11-22T05:11:35.751+05:30 level=INFO msg=publishing type=*apitype.DiagnosticEvent
time=2024-11-22T05:11:35.763+05:30 level=INFO msg=publishing type=*apitype.ResourcePreEvent
time=2024-11-22T05:11:36.653+05:30 level=INFO msg=publishing type=*apitype.DiagnosticEvent
time=2024-11-22T05:11:40.808+05:30 level=INFO msg=publishing type=*apitype.DiagnosticEvent
time=2024-11-22T05:11:41.314+05:30 level=INFO msg=publishing type=*apitype.DiagnosticEvent
time=2024-11-22T05:11:42.001+05:30 level=INFO msg=publishing type=*apitype.ResOutputsEvent
time=2024-11-22T05:11:42.022+05:30 level=INFO msg=publishing type=*apitype.DiagnosticEvent
time=2024-11-22T05:11:42.022+05:30 level=INFO msg=publishing type=*apitype.ResourcePreEvent
time=2024-11-22T05:11:42.022+05:30 level=INFO msg=publishing type=*apitype.DiagnosticEvent
time=2024-11-22T05:11:42.024+05:30 level=INFO msg=publishing type=*apitype.ResOutputsEvent
time=2024-11-22T05:11:42.024+05:30 level=INFO msg=publishing type=*apitype.ResourcePreEvent
time=2024-11-22T05:11:42.024+05:30 level=INFO msg=publishing type=*apitype.DiagnosticEvent
time=2024-11-22T05:11:42.026+05:30 level=INFO msg=publishing type=*apitype.DiagnosticEvent
time=2024-11-22T05:11:42.026+05:30 level=INFO msg=publishing type=*apitype.ResOutputsEvent
time=2024-11-22T05:11:42.026+05:30 level=INFO msg=publishing type=*apitype.DiagnosticEvent
time=2024-11-22T05:11:42.027+05:30 level=INFO msg=publishing type=*apitype.DiagnosticEvent
time=2024-11-22T05:11:42.028+05:30 level=INFO msg=publishing type=*apitype.DiagnosticEvent
time=2024-11-22T05:11:42.028+05:30 level=INFO msg=publishing type=*apitype.DiagnosticEvent
time=2024-11-22T05:11:42.028+05:30 level=INFO msg=publishing type=*apitype.DiagnosticEvent
time=2024-11-22T05:11:42.029+05:30 level=INFO msg=publishing type=*apitype.DiagnosticEvent
time=2024-11-22T05:11:42.029+05:30 level=INFO msg=publishing type=*apitype.DiagnosticEvent
time=2024-11-22T05:11:42.029+05:30 level=INFO msg=publishing type=*apitype.DiagnosticEvent
time=2024-11-22T05:11:42.038+05:30 level=INFO msg=publishing type=*apitype.ResourcePreEvent
time=2024-11-22T05:11:42.038+05:30 level=INFO msg=publishing type=*apitype.ResOutputsEvent
time=2024-11-22T05:11:42.074+05:30 level=INFO msg=publishing type=*apitype.DiagnosticEvent
time=2024-11-22T05:11:42.074+05:30 level=INFO msg=publishing type=*apitype.DiagnosticEvent
time=2024-11-22T05:11:42.075+05:30 level=INFO msg=publishing type=*apitype.DiagnosticEvent
time=2024-11-22T05:11:42.075+05:30 level=INFO msg=publishing type=*apitype.DiagnosticEvent
time=2024-11-22T05:11:42.075+05:30 level=INFO msg=publishing type=*apitype.DiagnosticEvent
time=2024-11-22T05:11:42.076+05:30 level=INFO msg=publishing type=*apitype.DiagnosticEvent
time=2024-11-22T05:11:42.076+05:30 level=INFO msg=publishing type=*apitype.DiagnosticEvent
time=2024-11-22T05:11:42.076+05:30 level=INFO msg=publishing type=*apitype.DiagnosticEvent
time=2024-11-22T05:11:42.077+05:30 level=INFO msg=publishing type=*apitype.DiagnosticEvent
time=2024-11-22T05:11:42.077+05:30 level=INFO msg=publishing type=*apitype.DiagnosticEvent
time=2024-11-22T05:11:42.078+05:30 level=INFO msg=publishing type=*apitype.ResourcePreEvent
time=2024-11-22T05:11:42.078+05:30 level=INFO msg=publishing type=*apitype.ResOutputsEvent
time=2024-11-22T05:11:42.078+05:30 level=INFO msg=publishing type=*apitype.DiagnosticEvent
time=2024-11-22T05:11:42.078+05:30 level=INFO msg=publishing type=*apitype.DiagnosticEvent
time=2024-11-22T05:11:42.079+05:30 level=INFO msg=publishing type=*apitype.DiagnosticEvent
time=2024-11-22T05:11:42.081+05:30 level=INFO msg=publishing type=*apitype.DiagnosticEvent
time=2024-11-22T05:11:42.081+05:30 level=INFO msg=publishing type=*apitype.DiagnosticEvent
time=2024-11-22T05:11:42.083+05:30 level=INFO msg=publishing type=*apitype.ResourcePreEvent
time=2024-11-22T05:11:42.083+05:30 level=INFO msg=publishing type=*apitype.ResOutputsEvent
time=2024-11-22T05:11:42.084+05:30 level=INFO msg=publishing type=*apitype.DiagnosticEvent
time=2024-11-22T05:11:42.085+05:30 level=INFO msg=publishing type=*apitype.DiagnosticEvent
time=2024-11-22T05:11:42.086+05:30 level=INFO msg=publishing type=*apitype.ResourcePreEvent
time=2024-11-22T05:11:42.086+05:30 level=INFO msg=publishing type=*apitype.ResOutputsEvent
time=2024-11-22T05:11:42.087+05:30 level=INFO msg=publishing type=*apitype.DiagnosticEvent
time=2024-11-22T05:11:42.811+05:30 level=INFO msg=publishing type=*apitype.ResOutputsEvent
time=2024-11-22T05:11:42.841+05:30 level=INFO msg=publishing type=*apitype.DiagnosticEvent
time=2024-11-22T05:11:42.841+05:30 level=INFO msg=publishing type=*apitype.DiagnosticEvent
time=2024-11-22T05:11:42.843+05:30 level=INFO msg=publishing type=*apitype.ResourcePreEvent
time=2024-11-22T05:11:42.843+05:30 level=INFO msg=publishing type=*apitype.ResOutputsEvent
time=2024-11-22T05:11:42.844+05:30 level=INFO msg=publishing type=*apitype.DiagnosticEvent
time=2024-11-22T05:11:42.862+05:30 level=INFO msg=publishing type=*apitype.ResOutputsEvent
time=2024-11-22T05:11:42.879+05:30 level=INFO msg=publishing type=*apitype.DiagnosticEvent
time=2024-11-22T05:11:42.879+05:30 level=INFO msg=publishing type=*apitype.DiagnosticEvent
time=2024-11-22T05:11:42.882+05:30 level=INFO msg=publishing type=*apitype.ResourcePreEvent
time=2024-11-22T05:11:42.882+05:30 level=INFO msg=publishing type=*apitype.ResOutputsEvent
time=2024-11-22T05:11:42.885+05:30 level=INFO msg=publishing type=*apitype.DiagnosticEvent
time=2024-11-22T05:11:42.885+05:30 level=INFO msg=publishing type=*apitype.DiagnosticEvent
time=2024-11-22T05:11:42.952+05:30 level=INFO msg=publishing type=*apitype.ResourcePreEvent
time=2024-11-22T05:11:43.035+05:30 level=INFO msg=publishing type=*apitype.DiagnosticEvent
time=2024-11-22T05:11:49.154+05:30 level=INFO msg=publishing type=*apitype.ResOutputsEvent
time=2024-11-22T05:11:49.233+05:30 level=INFO msg=publishing type=*apitype.DiagnosticEvent
time=2024-11-22T05:11:49.233+05:30 level=INFO msg=publishing type=*apitype.DiagnosticEvent
time=2024-11-22T05:11:49.233+05:30 level=INFO msg=publishing type=*apitype.ResOutputsEvent
time=2024-11-22T05:11:49.234+05:30 level=INFO msg=publishing type=*apitype.DiagnosticEvent
time=2024-11-22T05:11:49.234+05:30 level=INFO msg=publishing type=*apitype.DiagnosticEvent
time=2024-11-22T05:11:49.235+05:30 level=INFO msg=publishing type=*apitype.DiagnosticEvent
time=2024-11-22T05:11:49.235+05:30 level=INFO msg=publishing type=*apitype.DiagnosticEvent
time=2024-11-22T05:11:49.235+05:30 level=INFO msg=publishing type=*apitype.DiagnosticEvent
time=2024-11-22T05:11:49.236+05:30 level=INFO msg=publishing type=*apitype.ResourcePreEvent
time=2024-11-22T05:11:49.236+05:30 level=INFO msg=publishing type=*apitype.DiagnosticEvent
time=2024-11-22T05:11:49.236+05:30 level=INFO msg=publishing type=*apitype.ResOutputsEvent
time=2024-11-22T05:11:49.236+05:30 level=INFO msg=publishing type=*apitype.DiagnosticEvent
time=2024-11-22T05:11:49.237+05:30 level=INFO msg=publishing type=*apitype.DiagnosticEvent
time=2024-11-22T05:11:49.237+05:30 level=INFO msg=publishing type=*apitype.ResOutputsEvent
time=2024-11-22T05:11:49.238+05:30 level=INFO msg=publishing type=*apitype.ResourcePreEvent
time=2024-11-22T05:11:49.239+05:30 level=INFO msg=publishing type=*apitype.DiagnosticEvent
time=2024-11-22T05:11:49.240+05:30 level=INFO msg=publishing type=*apitype.DiagnosticEvent
time=2024-11-22T05:11:49.240+05:30 level=INFO msg=publishing type=*apitype.ResourcePreEvent
time=2024-11-22T05:11:49.241+05:30 level=INFO msg=publishing type=*apitype.ResOutputsEvent
time=2024-11-22T05:11:49.241+05:30 level=INFO msg=publishing type=*apitype.DiagnosticEvent
time=2024-11-22T05:11:49.241+05:30 level=INFO msg=publishing type=*apitype.DiagnosticEvent
time=2024-11-22T05:11:49.241+05:30 level=INFO msg=publishing type=*apitype.DiagnosticEvent
time=2024-11-22T05:11:49.242+05:30 level=INFO msg=publishing type=*apitype.DiagnosticEvent
time=2024-11-22T05:11:49.242+05:30 level=INFO msg=publishing type=*apitype.DiagnosticEvent
time=2024-11-22T05:11:49.242+05:30 level=INFO msg=publishing type=*apitype.DiagnosticEvent
time=2024-11-22T05:11:49.243+05:30 level=INFO msg=publishing type=*apitype.DiagnosticEvent
time=2024-11-22T05:11:49.243+05:30 level=INFO msg=publishing type=*apitype.ResourcePreEvent
time=2024-11-22T05:11:49.243+05:30 level=INFO msg=publishing type=*apitype.ResOutputsEvent
time=2024-11-22T05:11:49.244+05:30 level=INFO msg=publishing type=*apitype.DiagnosticEvent
time=2024-11-22T05:11:49.244+05:30 level=INFO msg=publishing type=*apitype.DiagnosticEvent
time=2024-11-22T05:11:49.245+05:30 level=INFO msg=publishing type=*apitype.DiagnosticEvent
time=2024-11-22T05:11:49.246+05:30 level=INFO msg=publishing type=*apitype.ResourcePreEvent
time=2024-11-22T05:11:49.246+05:30 level=INFO msg=publishing type=*apitype.ResOutputsEvent
time=2024-11-22T05:11:49.246+05:30 level=INFO msg=publishing type=*apitype.DiagnosticEvent
time=2024-11-22T05:11:49.246+05:30 level=INFO msg=publishing type=*apitype.DiagnosticEvent
time=2024-11-22T05:11:49.248+05:30 level=INFO msg=publishing type=*apitype.DiagnosticEvent
time=2024-11-22T05:11:49.249+05:30 level=INFO msg=publishing type=*apitype.DiagnosticEvent
time=2024-11-22T05:11:49.249+05:30 level=INFO msg=publishing type=*apitype.DiagnosticEvent
time=2024-11-22T05:11:49.250+05:30 level=INFO msg=publishing type=*apitype.DiagnosticEvent
time=2024-11-22T05:11:49.250+05:30 level=INFO msg=publishing type=*apitype.DiagnosticEvent
time=2024-11-22T05:11:49.251+05:30 level=INFO msg=publishing type=*apitype.DiagnosticEvent
time=2024-11-22T05:11:49.252+05:30 level=INFO msg=publishing type=*apitype.DiagnosticEvent
time=2024-11-22T05:11:49.253+05:30 level=INFO msg=publishing type=*apitype.DiagnosticEvent
time=2024-11-22T05:11:49.254+05:30 level=INFO msg="rpc request" method=POST url=/rpc
time=2024-11-22T05:11:49.255+05:30 level=INFO msg=publishing type=*apitype.DiagnosticEvent
time=2024-11-22T05:11:49.255+05:30 level=INFO msg=publishing type=*apitype.DiagnosticEvent
time=2024-11-22T05:11:49.256+05:30 level=INFO msg=publishing type=*apitype.DiagnosticEvent
time=2024-11-22T05:11:49.256+05:30 level=INFO msg=publishing type=*apitype.DiagnosticEvent
time=2024-11-22T05:11:49.256+05:30 level=INFO msg=publishing type=*apitype.DiagnosticEvent
time=2024-11-22T05:11:49.257+05:30 level=INFO msg=publishing type=*apitype.DiagnosticEvent
time=2024-11-22T05:11:49.258+05:30 level=INFO msg=publishing type=*apitype.DiagnosticEvent
time=2024-11-22T05:11:49.259+05:30 level=INFO msg=publishing type=*apitype.ResourcePreEvent
time=2024-11-22T05:11:49.259+05:30 level=INFO msg=publishing type=*apitype.ResOutputsEvent
time=2024-11-22T05:11:49.260+05:30 level=INFO msg=publishing type=*apitype.DiagnosticEvent
time=2024-11-22T05:11:50.489+05:30 level=INFO msg=publishing type=*apitype.ResOutputsEvent
time=2024-11-22T05:11:50.518+05:30 level=INFO msg=publishing type=*apitype.DiagnosticEvent
time=2024-11-22T05:11:50.553+05:30 level=INFO msg=publishing type=*apitype.ResourcePreEvent
time=2024-11-22T05:11:50.553+05:30 level=INFO msg=publishing type=*apitype.ResourcePreEvent
time=2024-11-22T05:11:50.553+05:30 level=INFO msg=publishing type=*apitype.ResourcePreEvent
time=2024-11-22T05:11:50.553+05:30 level=INFO msg=publishing type=*apitype.ResourcePreEvent
time=2024-11-22T05:11:50.554+05:30 level=INFO msg=publishing type=*apitype.ResourcePreEvent
time=2024-11-22T05:11:50.565+05:30 level=INFO msg=publishing type=*apitype.ResOutputsEvent
time=2024-11-22T05:11:50.576+05:30 level=INFO msg=publishing type=*apitype.DiagnosticEvent
time=2024-11-22T05:11:50.589+05:30 level=INFO msg=publishing type=*apitype.DiagnosticEvent
time=2024-11-22T05:11:50.598+05:30 level=INFO msg=publishing type=*apitype.DiagnosticEvent
time=2024-11-22T05:11:50.609+05:30 level=INFO msg=publishing type=*apitype.DiagnosticEvent
time=2024-11-22T05:11:51.342+05:30 level=INFO msg=publishing type=*apitype.ResOutputsEvent
time=2024-11-22T05:11:51.343+05:30 level=INFO msg=publishing type=*apitype.ResOutputsEvent
time=2024-11-22T05:11:51.374+05:30 level=INFO msg=publishing type=*apitype.ResOutputsEvent
time=2024-11-22T05:11:51.383+05:30 level=INFO msg=publishing type=*apitype.ResOutputsEvent
time=2024-11-22T05:11:51.411+05:30 level=INFO msg=publishing type=*apitype.ResOutputsEvent
time=2024-11-22T05:11:51.411+05:30 level=INFO msg=publishing type=*apitype.SummaryEvent
time=2024-11-22T05:11:51.436+05:30 level=INFO msg=publishing type=*apitype.CancelEvent
time=2024-11-22T05:11:52.203+05:30 level=INFO msg="done running stack command"
time=2024-11-22T05:11:52.204+05:30 level=INFO msg="INFO putting summary app=sync-website stage=production"
time=2024-11-22T05:11:52.204+05:30 level=INFO msg="INFO putting data key=summary app=sync-website stage=production/yt5i8xkaxgp55g7q72vrjybz"
time=2024-11-22T05:11:52.999+05:30 level=INFO msg="parsing state"
time=2024-11-22T05:11:53.236+05:30 level=INFO msg=link outputs="map[properties:map[type:sst.aws.Nextjs url:https://sync.getsync.tech] target:SyncWebsite]"
time=2024-11-22T05:11:53.236+05:30 level=INFO msg="generating types" root=/Users/rupeshshandilya/Developer/Sync/Website
time=2024-11-22T05:11:53.240+05:30 level=INFO msg=publishing type=*project.CompleteEvent
time=2024-11-22T05:11:53.240+05:30 level=INFO msg="done parsing state"
time=2024-11-22T05:11:53.240+05:30 level=INFO msg="INFO pushing state app=sync-website stage=production from=/Users/rupeshshandilya/Developer/Sync/Website/.sst/.pulumi/stacks/sync-website/production.json"
time=2024-11-22T05:11:55.509+05:30 level=INFO msg="INFO unlocking app=sync-website stage=production"
time=2024-11-22T05:11:56.252+05:30 level=INFO msg="shutting down server"
time=2024-11-22T05:11:56.253+05:30 level=INFO msg="server done"
